  main.cpp
c:\users\kyzar\documents\visual studio 2015\projects\3113\homework\cs3113-homework\final project\nyucodebase\nyucodebase\main.cpp(90): warning C4244: 'argument': conversion from 'int' to 'float', possible loss of data
c:\users\kyzar\documents\visual studio 2015\projects\3113\homework\cs3113-homework\final project\nyucodebase\nyucodebase\main.cpp(119): warning C4018: '<': signed/unsigned mismatch
c:\users\kyzar\documents\visual studio 2015\projects\3113\homework\cs3113-homework\final project\nyucodebase\nyucodebase\main.cpp(349): warning C4018: '<': signed/unsigned mismatch
c:\users\kyzar\documents\visual studio 2015\projects\3113\homework\cs3113-homework\final project\nyucodebase\nyucodebase\main.cpp(352): warning C4018: '<': signed/unsigned mismatch
c:\users\kyzar\documents\visual studio 2015\projects\3113\homework\cs3113-homework\final project\nyucodebase\nyucodebase\main.cpp(791): warning C4244: '=': conversion from 'double' to 'float', possible loss of data
c:\users\kyzar\documents\visual studio 2015\projects\3113\homework\cs3113-homework\final project\nyucodebase\nyucodebase\main.cpp(794): warning C4244: '=': conversion from 'double' to 'float', possible loss of data
c:\users\kyzar\documents\visual studio 2015\projects\3113\homework\cs3113-homework\final project\nyucodebase\nyucodebase\main.cpp(945): warning C4244: 'argument': conversion from 'int' to 'float', possible loss of data
c:\users\kyzar\documents\visual studio 2015\projects\3113\homework\cs3113-homework\final project\nyucodebase\nyucodebase\main.cpp(945): warning C4244: '=': conversion from 'float' to 'int', possible loss of data
c:\users\kyzar\documents\visual studio 2015\projects\3113\homework\cs3113-homework\final project\nyucodebase\nyucodebase\main.cpp(987): warning C4244: 'argument': conversion from 'int' to 'float', possible loss of data
c:\users\kyzar\documents\visual studio 2015\projects\3113\homework\cs3113-homework\final project\nyucodebase\nyucodebase\main.cpp(987): warning C4244: '=': conversion from 'float' to 'int', possible loss of data
c:\users\kyzar\documents\visual studio 2015\projects\3113\homework\cs3113-homework\final project\nyucodebase\nyucodebase\main.cpp(1026): warning C4244: 'argument': conversion from 'int' to 'float', possible loss of data
c:\users\kyzar\documents\visual studio 2015\projects\3113\homework\cs3113-homework\final project\nyucodebase\nyucodebase\main.cpp(1026): warning C4244: '=': conversion from 'float' to 'int', possible loss of data
c:\users\kyzar\documents\visual studio 2015\projects\3113\homework\cs3113-homework\final project\nyucodebase\nyucodebase\main.cpp(1088): warning C4244: 'argument': conversion from 'int' to 'float', possible loss of data
c:\users\kyzar\documents\visual studio 2015\projects\3113\homework\cs3113-homework\final project\nyucodebase\nyucodebase\main.cpp(1088): warning C4244: '=': conversion from 'float' to 'int', possible loss of data
c:\users\kyzar\documents\visual studio 2015\projects\3113\homework\cs3113-homework\final project\nyucodebase\nyucodebase\main.cpp(1139): warning C4244: 'argument': conversion from 'int' to 'float', possible loss of data
c:\users\kyzar\documents\visual studio 2015\projects\3113\homework\cs3113-homework\final project\nyucodebase\nyucodebase\main.cpp(1139): warning C4244: '=': conversion from 'float' to 'int', possible loss of data
c:\users\kyzar\documents\visual studio 2015\projects\3113\homework\cs3113-homework\final project\nyucodebase\nyucodebase\main.cpp(1191): warning C4305: '=': truncation from 'double' to 'float'
c:\users\kyzar\documents\visual studio 2015\projects\3113\homework\cs3113-homework\final project\nyucodebase\nyucodebase\main.cpp(1197): warning C4244: 'argument': conversion from 'int' to 'float', possible loss of data
c:\users\kyzar\documents\visual studio 2015\projects\3113\homework\cs3113-homework\final project\nyucodebase\nyucodebase\main.cpp(1197): warning C4244: '=': conversion from 'float' to 'int', possible loss of data
c:\users\kyzar\documents\visual studio 2015\projects\3113\homework\cs3113-homework\final project\nyucodebase\nyucodebase\main.cpp(1275): warning C4244: 'argument': conversion from 'int' to 'float', possible loss of data
c:\users\kyzar\documents\visual studio 2015\projects\3113\homework\cs3113-homework\final project\nyucodebase\nyucodebase\main.cpp(1275): warning C4244: '=': conversion from 'float' to 'int', possible loss of data
c:\users\kyzar\documents\visual studio 2015\projects\3113\homework\cs3113-homework\final project\nyucodebase\nyucodebase\main.cpp(1352): warning C4244: 'argument': conversion from 'int' to 'float', possible loss of data
c:\users\kyzar\documents\visual studio 2015\projects\3113\homework\cs3113-homework\final project\nyucodebase\nyucodebase\main.cpp(1352): warning C4244: '=': conversion from 'float' to 'int', possible loss of data
c:\users\kyzar\documents\visual studio 2015\projects\3113\homework\cs3113-homework\final project\nyucodebase\nyucodebase\main.cpp(1370): warning C4305: '=': truncation from 'double' to 'float'
c:\users\kyzar\documents\visual studio 2015\projects\3113\homework\cs3113-homework\final project\nyucodebase\nyucodebase\main.cpp(1931): warning C4018: '<': signed/unsigned mismatch
c:\users\kyzar\documents\visual studio 2015\projects\3113\homework\cs3113-homework\final project\nyucodebase\nyucodebase\main.cpp(2088): warning C4018: '<': signed/unsigned mismatch
c:\users\kyzar\documents\visual studio 2015\projects\3113\homework\cs3113-homework\final project\nyucodebase\nyucodebase\main.cpp(2091): warning C4018: '<': signed/unsigned mismatch
c:\users\kyzar\documents\visual studio 2015\projects\3113\homework\cs3113-homework\final project\nyucodebase\nyucodebase\main.cpp(2096): warning C4018: '<': signed/unsigned mismatch
c:\users\kyzar\documents\visual studio 2015\projects\3113\homework\cs3113-homework\final project\nyucodebase\nyucodebase\main.cpp(2139): warning C4018: '<': signed/unsigned mismatch
c:\users\kyzar\documents\visual studio 2015\projects\3113\homework\cs3113-homework\final project\nyucodebase\nyucodebase\main.cpp(2142): warning C4018: '<': signed/unsigned mismatch
c:\users\kyzar\documents\visual studio 2015\projects\3113\homework\cs3113-homework\final project\nyucodebase\nyucodebase\main.cpp(2145): warning C4018: '<': signed/unsigned mismatch
c:\users\kyzar\documents\visual studio 2015\projects\3113\homework\cs3113-homework\final project\nyucodebase\nyucodebase\main.cpp(2148): warning C4018: '<': signed/unsigned mismatch
c:\users\kyzar\documents\visual studio 2015\projects\3113\homework\cs3113-homework\final project\nyucodebase\nyucodebase\main.cpp(2186): warning C4244: 'argument': conversion from 'time_t' to 'unsigned int', possible loss of data
c:\users\kyzar\documents\visual studio 2015\projects\3113\homework\cs3113-homework\final project\nyucodebase\nyucodebase\main.cpp(2192): warning C4244: 'initializing': conversion from 'double' to 'int', possible loss of data
c:\users\kyzar\documents\visual studio 2015\projects\3113\homework\cs3113-homework\final project\nyucodebase\nyucodebase\main.cpp(2193): warning C4244: 'initializing': conversion from 'double' to 'int', possible loss of data
c:\users\kyzar\documents\visual studio 2015\projects\3113\homework\cs3113-homework\final project\nyucodebase\nyucodebase\main.cpp(2250): warning C4018: '<': signed/unsigned mismatch
c:\users\kyzar\documents\visual studio 2015\projects\3113\homework\cs3113-homework\final project\nyucodebase\nyucodebase\main.cpp(2251): warning C4018: '<': signed/unsigned mismatch
c:\users\kyzar\documents\visual studio 2015\projects\3113\homework\cs3113-homework\final project\nyucodebase\nyucodebase\main.cpp(2287): warning C4018: '<': signed/unsigned mismatch
c:\users\kyzar\documents\visual studio 2015\projects\3113\homework\cs3113-homework\final project\nyucodebase\nyucodebase\main.cpp(2288): warning C4018: '<': signed/unsigned mismatch
c:\users\kyzar\documents\visual studio 2015\projects\3113\homework\cs3113-homework\final project\nyucodebase\nyucodebase\main.cpp(2248): warning C4101: 't': unreferenced local variable
c:\users\kyzar\documents\visual studio 2015\projects\3113\homework\cs3113-homework\final project\nyucodebase\nyucodebase\main.cpp(2340): warning C4018: '<': signed/unsigned mismatch
c:\users\kyzar\documents\visual studio 2015\projects\3113\homework\cs3113-homework\final project\nyucodebase\nyucodebase\main.cpp(2341): warning C4018: '<': signed/unsigned mismatch
c:\users\kyzar\documents\visual studio 2015\projects\3113\homework\cs3113-homework\final project\nyucodebase\nyucodebase\main.cpp(2348): warning C4018: '<': signed/unsigned mismatch
c:\users\kyzar\documents\visual studio 2015\projects\3113\homework\cs3113-homework\final project\nyucodebase\nyucodebase\main.cpp(2349): warning C4018: '<': signed/unsigned mismatch
c:\users\kyzar\documents\visual studio 2015\projects\3113\homework\cs3113-homework\final project\nyucodebase\nyucodebase\main.cpp(2391): warning C4018: '<': signed/unsigned mismatch
c:\users\kyzar\documents\visual studio 2015\projects\3113\homework\cs3113-homework\final project\nyucodebase\nyucodebase\main.cpp(2404): warning C4018: '<': signed/unsigned mismatch
c:\users\kyzar\documents\visual studio 2015\projects\3113\homework\cs3113-homework\final project\nyucodebase\nyucodebase\main.cpp(2405): warning C4018: '>': signed/unsigned mismatch
c:\users\kyzar\documents\visual studio 2015\projects\3113\homework\cs3113-homework\final project\nyucodebase\nyucodebase\main.cpp(2410): warning C4018: '<': signed/unsigned mismatch
c:\users\kyzar\documents\visual studio 2015\projects\3113\homework\cs3113-homework\final project\nyucodebase\nyucodebase\main.cpp(2422): warning C4244: 'initializing': conversion from 'int' to 'float', possible loss of data
c:\users\kyzar\documents\visual studio 2015\projects\3113\homework\cs3113-homework\final project\nyucodebase\nyucodebase\main.cpp(2423): warning C4244: 'initializing': conversion from 'int' to 'float', possible loss of data
c:\users\kyzar\documents\visual studio 2015\projects\3113\homework\cs3113-homework\final project\nyucodebase\nyucodebase\main.cpp(2431): warning C4244: '=': conversion from 'float' to 'int', possible loss of data
c:\users\kyzar\documents\visual studio 2015\projects\3113\homework\cs3113-homework\final project\nyucodebase\nyucodebase\main.cpp(2432): warning C4244: '=': conversion from 'float' to 'int', possible loss of data
c:\users\kyzar\documents\visual studio 2015\projects\3113\homework\cs3113-homework\final project\nyucodebase\nyucodebase\main.cpp(2445): warning C4244: 'initializing': conversion from 'int' to 'float', possible loss of data
c:\users\kyzar\documents\visual studio 2015\projects\3113\homework\cs3113-homework\final project\nyucodebase\nyucodebase\main.cpp(2449): warning C4018: '<': signed/unsigned mismatch
c:\users\kyzar\documents\visual studio 2015\projects\3113\homework\cs3113-homework\final project\nyucodebase\nyucodebase\main.cpp(2450): warning C4018: '<': signed/unsigned mismatch
c:\users\kyzar\documents\visual studio 2015\projects\3113\homework\cs3113-homework\final project\nyucodebase\nyucodebase\main.cpp(2470): warning C4244: '=': conversion from 'unsigned int' to 'float', possible loss of data
c:\users\kyzar\documents\visual studio 2015\projects\3113\homework\cs3113-homework\final project\nyucodebase\nyucodebase\main.cpp(2475): warning C4305: '=': truncation from 'double' to 'float'
c:\users\kyzar\documents\visual studio 2015\projects\3113\homework\cs3113-homework\final project\nyucodebase\nyucodebase\main.cpp(2478): warning C4305: '=': truncation from 'double' to 'float'
c:\users\kyzar\documents\visual studio 2015\projects\3113\homework\cs3113-homework\final project\nyucodebase\nyucodebase\main.cpp(2576): warning C4244: 'argument': conversion from 'double' to 'unsigned int', possible loss of data
c:\users\kyzar\documents\visual studio 2015\projects\3113\homework\cs3113-homework\final project\nyucodebase\nyucodebase\main.cpp(2581): warning C4018: '<': signed/unsigned mismatch
c:\users\kyzar\documents\visual studio 2015\projects\3113\homework\cs3113-homework\final project\nyucodebase\nyucodebase\main.cpp(2592): warning C4244: 'argument': conversion from 'float' to 'unsigned int', possible loss of data
c:\users\kyzar\documents\visual studio 2015\projects\3113\homework\cs3113-homework\final project\nyucodebase\nyucodebase\main.cpp(2609): warning C4244: 'argument': conversion from 'float' to 'unsigned int', possible loss of data
c:\users\kyzar\documents\visual studio 2015\projects\3113\homework\cs3113-homework\final project\nyucodebase\nyucodebase\main.cpp(2621): warning C4018: '<': signed/unsigned mismatch
c:\users\kyzar\documents\visual studio 2015\projects\3113\homework\cs3113-homework\final project\nyucodebase\nyucodebase\main.cpp(2626): warning C4244: '=': conversion from 'float' to 'int', possible loss of data
c:\users\kyzar\documents\visual studio 2015\projects\3113\homework\cs3113-homework\final project\nyucodebase\nyucodebase\main.cpp(2642): warning C4244: 'argument': conversion from 'float' to 'unsigned int', possible loss of data
c:\users\kyzar\documents\visual studio 2015\projects\3113\homework\cs3113-homework\final project\nyucodebase\nyucodebase\main.cpp(2673): warning C4244: 'argument': conversion from 'float' to 'unsigned int', possible loss of data
c:\users\kyzar\documents\visual studio 2015\projects\3113\homework\cs3113-homework\final project\nyucodebase\nyucodebase\main.cpp(2674): warning C4244: 'argument': conversion from 'float' to 'unsigned int', possible loss of data
c:\users\kyzar\documents\visual studio 2015\projects\3113\homework\cs3113-homework\final project\nyucodebase\nyucodebase\main.cpp(2699): warning C4244: '=': conversion from 'int' to 'float', possible loss of data
c:\users\kyzar\documents\visual studio 2015\projects\3113\homework\cs3113-homework\final project\nyucodebase\nyucodebase\main.cpp(2700): warning C4244: '=': conversion from 'int' to 'float', possible loss of data
c:\users\kyzar\documents\visual studio 2015\projects\3113\homework\cs3113-homework\final project\nyucodebase\nyucodebase\main.cpp(2701): warning C4244: '=': conversion from 'int' to 'float', possible loss of data
c:\users\kyzar\documents\visual studio 2015\projects\3113\homework\cs3113-homework\final project\nyucodebase\nyucodebase\main.cpp(2702): warning C4244: '=': conversion from 'int' to 'float', possible loss of data
c:\users\kyzar\documents\visual studio 2015\projects\3113\homework\cs3113-homework\final project\nyucodebase\nyucodebase\main.cpp(2703): warning C4244: 'argument': conversion from 'float' to 'unsigned int', possible loss of data
c:\users\kyzar\documents\visual studio 2015\projects\3113\homework\cs3113-homework\final project\nyucodebase\nyucodebase\main.cpp(2726): warning C4244: 'argument': conversion from 'float' to 'unsigned int', possible loss of data
c:\users\kyzar\documents\visual studio 2015\projects\3113\homework\cs3113-homework\final project\nyucodebase\nyucodebase\main.cpp(2738): warning C4018: '<': signed/unsigned mismatch
c:\users\kyzar\documents\visual studio 2015\projects\3113\homework\cs3113-homework\final project\nyucodebase\nyucodebase\main.cpp(2745): warning C4018: '<': signed/unsigned mismatch
c:\users\kyzar\documents\visual studio 2015\projects\3113\homework\cs3113-homework\final project\nyucodebase\nyucodebase\main.cpp(2752): warning C4018: '<': signed/unsigned mismatch
c:\users\kyzar\documents\visual studio 2015\projects\3113\homework\cs3113-homework\final project\nyucodebase\nyucodebase\main.cpp(2754): warning C4018: '<': signed/unsigned mismatch
c:\users\kyzar\documents\visual studio 2015\projects\3113\homework\cs3113-homework\final project\nyucodebase\nyucodebase\main.cpp(2762): warning C4018: '<': signed/unsigned mismatch
c:\users\kyzar\documents\visual studio 2015\projects\3113\homework\cs3113-homework\final project\nyucodebase\nyucodebase\main.cpp(2780): warning C4244: '=': conversion from 'int' to 'float', possible loss of data
c:\users\kyzar\documents\visual studio 2015\projects\3113\homework\cs3113-homework\final project\nyucodebase\nyucodebase\main.cpp(2781): warning C4244: '=': conversion from 'int' to 'float', possible loss of data
c:\users\kyzar\documents\visual studio 2015\projects\3113\homework\cs3113-homework\final project\nyucodebase\nyucodebase\main.cpp(2782): warning C4244: 'argument': conversion from 'float' to 'unsigned int', possible loss of data
c:\users\kyzar\documents\visual studio 2015\projects\3113\homework\cs3113-homework\final project\nyucodebase\nyucodebase\main.cpp(2788): warning C4244: '=': conversion from 'int' to 'float', possible loss of data
c:\users\kyzar\documents\visual studio 2015\projects\3113\homework\cs3113-homework\final project\nyucodebase\nyucodebase\main.cpp(2791): warning C4244: '=': conversion from 'int' to 'float', possible loss of data
c:\users\kyzar\documents\visual studio 2015\projects\3113\homework\cs3113-homework\final project\nyucodebase\nyucodebase\main.cpp(2792): warning C4244: '=': conversion from 'int' to 'float', possible loss of data
c:\users\kyzar\documents\visual studio 2015\projects\3113\homework\cs3113-homework\final project\nyucodebase\nyucodebase\main.cpp(2793): warning C4244: '=': conversion from 'int' to 'float', possible loss of data
c:\users\kyzar\documents\visual studio 2015\projects\3113\homework\cs3113-homework\final project\nyucodebase\nyucodebase\main.cpp(2794): warning C4244: 'argument': conversion from 'float' to 'unsigned int', possible loss of data
c:\users\kyzar\documents\visual studio 2015\projects\3113\homework\cs3113-homework\final project\nyucodebase\nyucodebase\main.cpp(2800): warning C4244: '=': conversion from 'int' to 'float', possible loss of data
c:\users\kyzar\documents\visual studio 2015\projects\3113\homework\cs3113-homework\final project\nyucodebase\nyucodebase\main.cpp(2803): warning C4244: '=': conversion from 'int' to 'float', possible loss of data
c:\users\kyzar\documents\visual studio 2015\projects\3113\homework\cs3113-homework\final project\nyucodebase\nyucodebase\main.cpp(2804): warning C4244: '=': conversion from 'int' to 'float', possible loss of data
c:\users\kyzar\documents\visual studio 2015\projects\3113\homework\cs3113-homework\final project\nyucodebase\nyucodebase\main.cpp(2805): warning C4244: '=': conversion from 'int' to 'float', possible loss of data
c:\users\kyzar\documents\visual studio 2015\projects\3113\homework\cs3113-homework\final project\nyucodebase\nyucodebase\main.cpp(2806): warning C4244: 'argument': conversion from 'float' to 'unsigned int', possible loss of data
c:\users\kyzar\documents\visual studio 2015\projects\3113\homework\cs3113-homework\final project\nyucodebase\nyucodebase\main.cpp(2815): warning C4244: '=': conversion from 'int' to 'float', possible loss of data
c:\users\kyzar\documents\visual studio 2015\projects\3113\homework\cs3113-homework\final project\nyucodebase\nyucodebase\main.cpp(2817): warning C4244: '=': conversion from 'int' to 'float', possible loss of data
c:\users\kyzar\documents\visual studio 2015\projects\3113\homework\cs3113-homework\final project\nyucodebase\nyucodebase\main.cpp(2818): warning C4244: 'argument': conversion from 'float' to 'unsigned int', possible loss of data
c:\users\kyzar\documents\visual studio 2015\projects\3113\homework\cs3113-homework\final project\nyucodebase\nyucodebase\main.cpp(2889): warning C4018: '<': signed/unsigned mismatch
c:\users\kyzar\documents\visual studio 2015\projects\3113\homework\cs3113-homework\final project\nyucodebase\nyucodebase\main.cpp(2897): warning C4244: 'argument': conversion from 'float' to 'unsigned int', possible loss of data
c:\users\kyzar\documents\visual studio 2015\projects\3113\homework\cs3113-homework\final project\nyucodebase\nyucodebase\main.cpp(2898): warning C4244: 'argument': conversion from 'float' to 'unsigned int', possible loss of data
c:\users\kyzar\documents\visual studio 2015\projects\3113\homework\cs3113-homework\final project\nyucodebase\nyucodebase\main.cpp(2903): warning C4244: 'argument': conversion from 'float' to 'unsigned int', possible loss of data
c:\users\kyzar\documents\visual studio 2015\projects\3113\homework\cs3113-homework\final project\nyucodebase\nyucodebase\main.cpp(2904): warning C4244: 'argument': conversion from 'float' to 'unsigned int', possible loss of data
c:\users\kyzar\documents\visual studio 2015\projects\3113\homework\cs3113-homework\final project\nyucodebase\nyucodebase\main.cpp(2919): warning C4244: 'argument': conversion from 'float' to 'unsigned int', possible loss of data
c:\users\kyzar\documents\visual studio 2015\projects\3113\homework\cs3113-homework\final project\nyucodebase\nyucodebase\main.cpp(2924): warning C4244: 'argument': conversion from 'float' to 'unsigned int', possible loss of data
c:\users\kyzar\documents\visual studio 2015\projects\3113\homework\cs3113-homework\final project\nyucodebase\nyucodebase\main.cpp(2930): warning C4244: 'argument': conversion from 'float' to 'unsigned int', possible loss of data
c:\users\kyzar\documents\visual studio 2015\projects\3113\homework\cs3113-homework\final project\nyucodebase\nyucodebase\main.cpp(3013): warning C4244: 'argument': conversion from 'float' to 'unsigned int', possible loss of data
c:\users\kyzar\documents\visual studio 2015\projects\3113\homework\cs3113-homework\final project\nyucodebase\nyucodebase\main.cpp(3014): warning C4244: 'argument': conversion from 'float' to 'unsigned int', possible loss of data
c:\users\kyzar\documents\visual studio 2015\projects\3113\homework\cs3113-homework\final project\nyucodebase\nyucodebase\main.cpp(3019): warning C4244: 'argument': conversion from 'float' to 'unsigned int', possible loss of data
c:\users\kyzar\documents\visual studio 2015\projects\3113\homework\cs3113-homework\final project\nyucodebase\nyucodebase\main.cpp(3020): warning C4244: 'argument': conversion from 'float' to 'unsigned int', possible loss of data
c:\users\kyzar\documents\visual studio 2015\projects\3113\homework\cs3113-homework\final project\nyucodebase\nyucodebase\main.cpp(3032): warning C4244: 'return': conversion from 'double' to 'float', possible loss of data
c:\users\kyzar\documents\visual studio 2015\projects\3113\homework\cs3113-homework\final project\nyucodebase\nyucodebase\main.cpp(3038): warning C4018: '<': signed/unsigned mismatch
c:\users\kyzar\documents\visual studio 2015\projects\3113\homework\cs3113-homework\final project\nyucodebase\nyucodebase\main.cpp(3045): warning C4018: '<': signed/unsigned mismatch
c:\users\kyzar\documents\visual studio 2015\projects\3113\homework\cs3113-homework\final project\nyucodebase\nyucodebase\main.cpp(3078): warning C4244: 'argument': conversion from 'float' to 'int', possible loss of data
c:\users\kyzar\documents\visual studio 2015\projects\3113\homework\cs3113-homework\final project\nyucodebase\nyucodebase\main.cpp(3091): warning C4018: '<': signed/unsigned mismatch
c:\users\kyzar\documents\visual studio 2015\projects\3113\homework\cs3113-homework\final project\nyucodebase\nyucodebase\main.cpp(3097): warning C4244: 'argument': conversion from 'float' to 'unsigned int', possible loss of data
c:\users\kyzar\documents\visual studio 2015\projects\3113\homework\cs3113-homework\final project\nyucodebase\nyucodebase\main.cpp(3116): warning C4018: '<': signed/unsigned mismatch
c:\users\kyzar\documents\visual studio 2015\projects\3113\homework\cs3113-homework\final project\nyucodebase\nyucodebase\main.cpp(3135): warning C4018: '<': signed/unsigned mismatch
c:\users\kyzar\documents\visual studio 2015\projects\3113\homework\cs3113-homework\final project\nyucodebase\nyucodebase\main.cpp(3137): warning C4244: 'argument': conversion from 'float' to 'unsigned int', possible loss of data
c:\users\kyzar\documents\visual studio 2015\projects\3113\homework\cs3113-homework\final project\nyucodebase\nyucodebase\main.cpp(3140): warning C4244: '=': conversion from 'int' to 'float', possible loss of data
c:\users\kyzar\documents\visual studio 2015\projects\3113\homework\cs3113-homework\final project\nyucodebase\nyucodebase\main.cpp(3168): warning C4018: '<': signed/unsigned mismatch
c:\users\kyzar\documents\visual studio 2015\projects\3113\homework\cs3113-homework\final project\nyucodebase\nyucodebase\main.cpp(3180): warning C4244: 'argument': conversion from 'float' to 'unsigned int', possible loss of data
c:\users\kyzar\documents\visual studio 2015\projects\3113\homework\cs3113-homework\final project\nyucodebase\nyucodebase\main.cpp(3181): warning C4244: 'argument': conversion from 'float' to 'unsigned int', possible loss of data
c:\users\kyzar\documents\visual studio 2015\projects\3113\homework\cs3113-homework\final project\nyucodebase\nyucodebase\main.cpp(3185): warning C4244: 'argument': conversion from 'float' to 'unsigned int', possible loss of data
c:\users\kyzar\documents\visual studio 2015\projects\3113\homework\cs3113-homework\final project\nyucodebase\nyucodebase\main.cpp(3186): warning C4244: 'argument': conversion from 'float' to 'unsigned int', possible loss of data
c:\users\kyzar\documents\visual studio 2015\projects\3113\homework\cs3113-homework\final project\nyucodebase\nyucodebase\main.cpp(3208): warning C4018: '<': signed/unsigned mismatch
c:\users\kyzar\documents\visual studio 2015\projects\3113\homework\cs3113-homework\final project\nyucodebase\nyucodebase\main.cpp(3236): warning C4244: 'argument': conversion from 'float' to 'unsigned int', possible loss of data
c:\users\kyzar\documents\visual studio 2015\projects\3113\homework\cs3113-homework\final project\nyucodebase\nyucodebase\main.cpp(3245): warning C4244: 'argument': conversion from 'float' to 'unsigned int', possible loss of data
c:\users\kyzar\documents\visual studio 2015\projects\3113\homework\cs3113-homework\final project\nyucodebase\nyucodebase\main.cpp(3254): warning C4244: 'argument': conversion from 'float' to 'unsigned int', possible loss of data
c:\users\kyzar\documents\visual studio 2015\projects\3113\homework\cs3113-homework\final project\nyucodebase\nyucodebase\main.cpp(3255): warning C4244: 'argument': conversion from 'float' to 'unsigned int', possible loss of data
c:\users\kyzar\documents\visual studio 2015\projects\3113\homework\cs3113-homework\final project\nyucodebase\nyucodebase\main.cpp(3270): warning C4018: '<': signed/unsigned mismatch
c:\users\kyzar\documents\visual studio 2015\projects\3113\homework\cs3113-homework\final project\nyucodebase\nyucodebase\main.cpp(3280): warning C4018: '<': signed/unsigned mismatch
c:\users\kyzar\documents\visual studio 2015\projects\3113\homework\cs3113-homework\final project\nyucodebase\nyucodebase\main.cpp(3297): warning C4244: 'argument': conversion from 'float' to 'unsigned int', possible loss of data
c:\users\kyzar\documents\visual studio 2015\projects\3113\homework\cs3113-homework\final project\nyucodebase\nyucodebase\main.cpp(3304): warning C4244: 'argument': conversion from 'float' to 'unsigned int', possible loss of data
c:\users\kyzar\documents\visual studio 2015\projects\3113\homework\cs3113-homework\final project\nyucodebase\nyucodebase\main.cpp(3307): warning C4244: 'argument': conversion from 'float' to 'unsigned int', possible loss of data
c:\users\kyzar\documents\visual studio 2015\projects\3113\homework\cs3113-homework\final project\nyucodebase\nyucodebase\main.cpp(3308): warning C4244: 'argument': conversion from 'float' to 'unsigned int', possible loss of data
c:\users\kyzar\documents\visual studio 2015\projects\3113\homework\cs3113-homework\final project\nyucodebase\nyucodebase\main.cpp(3359): warning C4018: '<': signed/unsigned mismatch
c:\users\kyzar\documents\visual studio 2015\projects\3113\homework\cs3113-homework\final project\nyucodebase\nyucodebase\main.cpp(3362): warning C4244: 'initializing': conversion from 'float' to 'int', possible loss of data
c:\users\kyzar\documents\visual studio 2015\projects\3113\homework\cs3113-homework\final project\nyucodebase\nyucodebase\main.cpp(3363): warning C4244: 'initializing': conversion from 'float' to 'int', possible loss of data
c:\users\kyzar\documents\visual studio 2015\projects\3113\homework\cs3113-homework\final project\nyucodebase\nyucodebase\main.cpp(3387): warning C4018: '<': signed/unsigned mismatch
c:\users\kyzar\documents\visual studio 2015\projects\3113\homework\cs3113-homework\final project\nyucodebase\nyucodebase\main.cpp(3395): warning C4244: 'argument': conversion from 'float' to 'unsigned int', possible loss of data
c:\users\kyzar\documents\visual studio 2015\projects\3113\homework\cs3113-homework\final project\nyucodebase\nyucodebase\main.cpp(3396): warning C4244: 'argument': conversion from 'float' to 'unsigned int', possible loss of data
c:\users\kyzar\documents\visual studio 2015\projects\3113\homework\cs3113-homework\final project\nyucodebase\nyucodebase\main.cpp(3421): warning C4244: 'argument': conversion from 'int' to 'float', possible loss of data
c:\users\kyzar\documents\visual studio 2015\projects\3113\homework\cs3113-homework\final project\nyucodebase\nyucodebase\main.cpp(3525): warning C4018: '<': signed/unsigned mismatch
c:\users\kyzar\documents\visual studio 2015\projects\3113\homework\cs3113-homework\final project\nyucodebase\nyucodebase\main.cpp(3528): warning C4018: '<': signed/unsigned mismatch
c:\users\kyzar\documents\visual studio 2015\projects\3113\homework\cs3113-homework\final project\nyucodebase\nyucodebase\main.cpp(3532): warning C4018: '<': signed/unsigned mismatch
c:\users\kyzar\documents\visual studio 2015\projects\3113\homework\cs3113-homework\final project\nyucodebase\nyucodebase\main.cpp(3534): warning C4244: 'argument': conversion from 'float' to 'unsigned int', possible loss of data
c:\users\kyzar\documents\visual studio 2015\projects\3113\homework\cs3113-homework\final project\nyucodebase\nyucodebase\main.cpp(3642): warning C4244: 'argument': conversion from 'float' to 'unsigned int', possible loss of data
c:\users\kyzar\documents\visual studio 2015\projects\3113\homework\cs3113-homework\final project\nyucodebase\nyucodebase\main.cpp(3667): warning C4244: 'argument': conversion from 'float' to 'unsigned int', possible loss of data
c:\users\kyzar\documents\visual studio 2015\projects\3113\homework\cs3113-homework\final project\nyucodebase\nyucodebase\main.cpp(3668): warning C4244: 'argument': conversion from 'float' to 'unsigned int', possible loss of data
c:\users\kyzar\documents\visual studio 2015\projects\3113\homework\cs3113-homework\final project\nyucodebase\nyucodebase\main.cpp(3876): warning C4018: '<': signed/unsigned mismatch
c:\users\kyzar\documents\visual studio 2015\projects\3113\homework\cs3113-homework\final project\nyucodebase\nyucodebase\main.cpp(3903): warning C4018: '<': signed/unsigned mismatch
c:\users\kyzar\documents\visual studio 2015\projects\3113\homework\cs3113-homework\final project\nyucodebase\nyucodebase\main.cpp(3910): warning C4244: 'argument': conversion from 'int' to 'float', possible loss of data
c:\users\kyzar\documents\visual studio 2015\projects\3113\homework\cs3113-homework\final project\nyucodebase\nyucodebase\main.cpp(3911): warning C4244: 'argument': conversion from 'int' to 'float', possible loss of data
c:\users\kyzar\documents\visual studio 2015\projects\3113\homework\cs3113-homework\final project\nyucodebase\nyucodebase\main.cpp(3911): warning C4244: 'initializing': conversion from 'float' to 'int', possible loss of data
c:\users\kyzar\documents\visual studio 2015\projects\3113\homework\cs3113-homework\final project\nyucodebase\nyucodebase\main.cpp(4016): warning C4018: '<': signed/unsigned mismatch
c:\users\kyzar\documents\visual studio 2015\projects\3113\homework\cs3113-homework\final project\nyucodebase\nyucodebase\main.cpp(4019): warning C4244: '=': conversion from 'float' to 'int', possible loss of data
c:\users\kyzar\documents\visual studio 2015\projects\3113\homework\cs3113-homework\final project\nyucodebase\nyucodebase\main.cpp(4120): warning C4244: 'argument': conversion from 'Sint32' to 'float', possible loss of data
c:\users\kyzar\documents\visual studio 2015\projects\3113\homework\cs3113-homework\final project\nyucodebase\nyucodebase\main.cpp(2002): warning C4715: 'UI::input': not all control paths return a value
  NYUCodebase.vcxproj -> C:\Users\kyzar\Documents\Visual Studio 2015\Projects\3113\Homework\CS3113-Homework\Final Project\NYUCodebase\Debug\NYUCodebase.exe
  NYUCodebase.vcxproj -> C:\Users\kyzar\Documents\Visual Studio 2015\Projects\3113\Homework\CS3113-Homework\Final Project\NYUCodebase\Debug\NYUCodebase.pdb (Full PDB)
