  main.cpp
c:\users\kyzar\documents\visual studio 2015\projects\3113\homework\cs3113-homework\hw5 (sound + space invaders)\nyucodebase\nyucodebase\main.cpp(74): warning C4018: '<': signed/unsigned mismatch
c:\users\kyzar\documents\visual studio 2015\projects\3113\homework\cs3113-homework\hw5 (sound + space invaders)\nyucodebase\nyucodebase\main.cpp(330): warning C4018: '<': signed/unsigned mismatch
c:\users\kyzar\documents\visual studio 2015\projects\3113\homework\cs3113-homework\hw5 (sound + space invaders)\nyucodebase\nyucodebase\main.cpp(372): warning C4018: '<': signed/unsigned mismatch
c:\users\kyzar\documents\visual studio 2015\projects\3113\homework\cs3113-homework\hw5 (sound + space invaders)\nyucodebase\nyucodebase\main.cpp(377): warning C4018: '<': signed/unsigned mismatch
c:\users\kyzar\documents\visual studio 2015\projects\3113\homework\cs3113-homework\hw5 (sound + space invaders)\nyucodebase\nyucodebase\main.cpp(382): warning C4018: '<': signed/unsigned mismatch
c:\users\kyzar\documents\visual studio 2015\projects\3113\homework\cs3113-homework\hw5 (sound + space invaders)\nyucodebase\nyucodebase\main.cpp(401): warning C4018: '<': signed/unsigned mismatch
c:\users\kyzar\documents\visual studio 2015\projects\3113\homework\cs3113-homework\hw5 (sound + space invaders)\nyucodebase\nyucodebase\main.cpp(403): warning C4018: '<': signed/unsigned mismatch
c:\users\kyzar\documents\visual studio 2015\projects\3113\homework\cs3113-homework\hw5 (sound + space invaders)\nyucodebase\nyucodebase\main.cpp(420): warning C4018: '<': signed/unsigned mismatch
c:\users\kyzar\documents\visual studio 2015\projects\3113\homework\cs3113-homework\hw5 (sound + space invaders)\nyucodebase\nyucodebase\main.cpp(422): warning C4018: '<': signed/unsigned mismatch
c:\users\kyzar\documents\visual studio 2015\projects\3113\homework\cs3113-homework\hw5 (sound + space invaders)\nyucodebase\nyucodebase\main.cpp(440): warning C4018: '<': signed/unsigned mismatch
c:\users\kyzar\documents\visual studio 2015\projects\3113\homework\cs3113-homework\hw5 (sound + space invaders)\nyucodebase\nyucodebase\main.cpp(469): warning C4018: '<': signed/unsigned mismatch
c:\users\kyzar\documents\visual studio 2015\projects\3113\homework\cs3113-homework\hw5 (sound + space invaders)\nyucodebase\nyucodebase\main.cpp(481): warning C4018: '<': signed/unsigned mismatch
c:\users\kyzar\documents\visual studio 2015\projects\3113\homework\cs3113-homework\hw5 (sound + space invaders)\nyucodebase\nyucodebase\main.cpp(486): warning C4018: '<': signed/unsigned mismatch
c:\users\kyzar\documents\visual studio 2015\projects\3113\homework\cs3113-homework\hw5 (sound + space invaders)\nyucodebase\nyucodebase\main.cpp(491): warning C4018: '<': signed/unsigned mismatch
c:\users\kyzar\documents\visual studio 2015\projects\3113\homework\cs3113-homework\hw5 (sound + space invaders)\nyucodebase\nyucodebase\main.cpp(574): warning C4018: '<': signed/unsigned mismatch
c:\users\kyzar\documents\visual studio 2015\projects\3113\homework\cs3113-homework\hw5 (sound + space invaders)\nyucodebase\nyucodebase\main.cpp(583): warning C4018: '<': signed/unsigned mismatch
c:\users\kyzar\documents\visual studio 2015\projects\3113\homework\cs3113-homework\hw5 (sound + space invaders)\nyucodebase\nyucodebase\main.cpp(593): warning C4018: '<': signed/unsigned mismatch
c:\users\kyzar\documents\visual studio 2015\projects\3113\homework\cs3113-homework\hw5 (sound + space invaders)\nyucodebase\nyucodebase\main.cpp(736): warning C4551: function call missing argument list
c:\users\kyzar\documents\visual studio 2015\projects\3113\homework\cs3113-homework\hw5 (sound + space invaders)\nyucodebase\nyucodebase\main.cpp(281): warning C4715: 'entity::shoot': not all control paths return a value
  NYUCodebase.vcxproj -> C:\Users\kyzar\Documents\Visual Studio 2015\Projects\3113\Homework\CS3113-Homework\HW5 (Sound + Space Invaders)\NYUCodebase\Debug\NYUCodebase.exe
