  main.cpp
c:\users\kyzar\documents\visual studio 2015\projects\3113\homework\cs3113-homework\hw3\nyucodebase\nyucodebase\main.cpp(73): warning C4018: '<': signed/unsigned mismatch
c:\users\kyzar\documents\visual studio 2015\projects\3113\homework\cs3113-homework\hw3\nyucodebase\nyucodebase\main.cpp(328): warning C4018: '<': signed/unsigned mismatch
c:\users\kyzar\documents\visual studio 2015\projects\3113\homework\cs3113-homework\hw3\nyucodebase\nyucodebase\main.cpp(366): warning C4018: '<': signed/unsigned mismatch
c:\users\kyzar\documents\visual studio 2015\projects\3113\homework\cs3113-homework\hw3\nyucodebase\nyucodebase\main.cpp(371): warning C4018: '<': signed/unsigned mismatch
c:\users\kyzar\documents\visual studio 2015\projects\3113\homework\cs3113-homework\hw3\nyucodebase\nyucodebase\main.cpp(376): warning C4018: '<': signed/unsigned mismatch
c:\users\kyzar\documents\visual studio 2015\projects\3113\homework\cs3113-homework\hw3\nyucodebase\nyucodebase\main.cpp(395): warning C4018: '<': signed/unsigned mismatch
c:\users\kyzar\documents\visual studio 2015\projects\3113\homework\cs3113-homework\hw3\nyucodebase\nyucodebase\main.cpp(397): warning C4018: '<': signed/unsigned mismatch
c:\users\kyzar\documents\visual studio 2015\projects\3113\homework\cs3113-homework\hw3\nyucodebase\nyucodebase\main.cpp(414): warning C4018: '<': signed/unsigned mismatch
c:\users\kyzar\documents\visual studio 2015\projects\3113\homework\cs3113-homework\hw3\nyucodebase\nyucodebase\main.cpp(416): warning C4018: '<': signed/unsigned mismatch
c:\users\kyzar\documents\visual studio 2015\projects\3113\homework\cs3113-homework\hw3\nyucodebase\nyucodebase\main.cpp(433): warning C4018: '<': signed/unsigned mismatch
c:\users\kyzar\documents\visual studio 2015\projects\3113\homework\cs3113-homework\hw3\nyucodebase\nyucodebase\main.cpp(462): warning C4018: '<': signed/unsigned mismatch
c:\users\kyzar\documents\visual studio 2015\projects\3113\homework\cs3113-homework\hw3\nyucodebase\nyucodebase\main.cpp(474): warning C4018: '<': signed/unsigned mismatch
c:\users\kyzar\documents\visual studio 2015\projects\3113\homework\cs3113-homework\hw3\nyucodebase\nyucodebase\main.cpp(479): warning C4018: '<': signed/unsigned mismatch
c:\users\kyzar\documents\visual studio 2015\projects\3113\homework\cs3113-homework\hw3\nyucodebase\nyucodebase\main.cpp(484): warning C4018: '<': signed/unsigned mismatch
c:\users\kyzar\documents\visual studio 2015\projects\3113\homework\cs3113-homework\hw3\nyucodebase\nyucodebase\main.cpp(564): warning C4018: '<': signed/unsigned mismatch
c:\users\kyzar\documents\visual studio 2015\projects\3113\homework\cs3113-homework\hw3\nyucodebase\nyucodebase\main.cpp(573): warning C4018: '<': signed/unsigned mismatch
c:\users\kyzar\documents\visual studio 2015\projects\3113\homework\cs3113-homework\hw3\nyucodebase\nyucodebase\main.cpp(583): warning C4018: '<': signed/unsigned mismatch
c:\users\kyzar\documents\visual studio 2015\projects\3113\homework\cs3113-homework\hw3\nyucodebase\nyucodebase\main.cpp(280): warning C4715: 'entity::shoot': not all control paths return a value
  NYUCodebase.vcxproj -> C:\Users\kyzar\Documents\Visual Studio 2015\Projects\3113\Homework\CS3113-Homework\HW3\NYUCodebase\Debug\NYUCodebase.exe
  NYUCodebase.vcxproj -> C:\Users\kyzar\Documents\Visual Studio 2015\Projects\3113\Homework\CS3113-Homework\HW3\NYUCodebase\Debug\NYUCodebase.pdb (Full PDB)
