  main.cpp
c:\users\kyzar\documents\visual studio 2015\projects\3113\homework\cs3113-homework\hw4\nyucodebase\nyucodebase\main.cpp(354): warning C4244: 'return': conversion from 'double' to 'float', possible loss of data
c:\users\kyzar\documents\visual studio 2015\projects\3113\homework\cs3113-homework\hw4\nyucodebase\nyucodebase\main.cpp(365): warning C4244: 'return': conversion from 'const entityType' to 'float', possible loss of data
c:\users\kyzar\documents\visual studio 2015\projects\3113\homework\cs3113-homework\hw4\nyucodebase\nyucodebase\main.cpp(482): warning C4244: 'initializing': conversion from 'int' to 'float', possible loss of data
c:\users\kyzar\documents\visual studio 2015\projects\3113\homework\cs3113-homework\hw4\nyucodebase\nyucodebase\main.cpp(483): warning C4244: 'initializing': conversion from 'int' to 'float', possible loss of data
c:\users\kyzar\documents\visual studio 2015\projects\3113\homework\cs3113-homework\hw4\nyucodebase\nyucodebase\main.cpp(542): warning C4018: '<': signed/unsigned mismatch
c:\users\kyzar\documents\visual studio 2015\projects\3113\homework\cs3113-homework\hw4\nyucodebase\nyucodebase\main.cpp(573): warning C4244: '=': conversion from 'int' to 'float', possible loss of data
c:\users\kyzar\documents\visual studio 2015\projects\3113\homework\cs3113-homework\hw4\nyucodebase\nyucodebase\main.cpp(574): warning C4244: '=': conversion from 'int' to 'float', possible loss of data
c:\users\kyzar\documents\visual studio 2015\projects\3113\homework\cs3113-homework\hw4\nyucodebase\nyucodebase\main.cpp(577): warning C4244: '=': conversion from 'int' to 'float', possible loss of data
c:\users\kyzar\documents\visual studio 2015\projects\3113\homework\cs3113-homework\hw4\nyucodebase\nyucodebase\main.cpp(578): warning C4244: '=': conversion from 'int' to 'float', possible loss of data
c:\users\kyzar\documents\visual studio 2015\projects\3113\homework\cs3113-homework\hw4\nyucodebase\nyucodebase\main.cpp(581): warning C4244: '=': conversion from 'int' to 'float', possible loss of data
c:\users\kyzar\documents\visual studio 2015\projects\3113\homework\cs3113-homework\hw4\nyucodebase\nyucodebase\main.cpp(582): warning C4244: '=': conversion from 'int' to 'float', possible loss of data
c:\users\kyzar\documents\visual studio 2015\projects\3113\homework\cs3113-homework\hw4\nyucodebase\nyucodebase\main.cpp(585): warning C4244: '=': conversion from 'int' to 'float', possible loss of data
c:\users\kyzar\documents\visual studio 2015\projects\3113\homework\cs3113-homework\hw4\nyucodebase\nyucodebase\main.cpp(586): warning C4244: '=': conversion from 'int' to 'float', possible loss of data
c:\users\kyzar\documents\visual studio 2015\projects\3113\homework\cs3113-homework\hw4\nyucodebase\nyucodebase\main.cpp(589): warning C4244: '=': conversion from 'int' to 'float', possible loss of data
c:\users\kyzar\documents\visual studio 2015\projects\3113\homework\cs3113-homework\hw4\nyucodebase\nyucodebase\main.cpp(590): warning C4244: '=': conversion from 'int' to 'float', possible loss of data
c:\users\kyzar\documents\visual studio 2015\projects\3113\homework\cs3113-homework\hw4\nyucodebase\nyucodebase\main.cpp(593): warning C4244: '=': conversion from 'int' to 'float', possible loss of data
c:\users\kyzar\documents\visual studio 2015\projects\3113\homework\cs3113-homework\hw4\nyucodebase\nyucodebase\main.cpp(594): warning C4244: '=': conversion from 'int' to 'float', possible loss of data
c:\users\kyzar\documents\visual studio 2015\projects\3113\homework\cs3113-homework\hw4\nyucodebase\nyucodebase\main.cpp(597): warning C4244: '=': conversion from 'int' to 'float', possible loss of data
c:\users\kyzar\documents\visual studio 2015\projects\3113\homework\cs3113-homework\hw4\nyucodebase\nyucodebase\main.cpp(598): warning C4244: '=': conversion from 'int' to 'float', possible loss of data
c:\users\kyzar\documents\visual studio 2015\projects\3113\homework\cs3113-homework\hw4\nyucodebase\nyucodebase\main.cpp(601): warning C4244: '=': conversion from 'int' to 'float', possible loss of data
c:\users\kyzar\documents\visual studio 2015\projects\3113\homework\cs3113-homework\hw4\nyucodebase\nyucodebase\main.cpp(602): warning C4244: '=': conversion from 'int' to 'float', possible loss of data
c:\users\kyzar\documents\visual studio 2015\projects\3113\homework\cs3113-homework\hw4\nyucodebase\nyucodebase\main.cpp(605): warning C4244: '=': conversion from 'int' to 'float', possible loss of data
c:\users\kyzar\documents\visual studio 2015\projects\3113\homework\cs3113-homework\hw4\nyucodebase\nyucodebase\main.cpp(606): warning C4244: '=': conversion from 'int' to 'float', possible loss of data
c:\users\kyzar\documents\visual studio 2015\projects\3113\homework\cs3113-homework\hw4\nyucodebase\nyucodebase\main.cpp(609): warning C4244: '=': conversion from 'int' to 'float', possible loss of data
c:\users\kyzar\documents\visual studio 2015\projects\3113\homework\cs3113-homework\hw4\nyucodebase\nyucodebase\main.cpp(610): warning C4244: '=': conversion from 'int' to 'float', possible loss of data
c:\users\kyzar\documents\visual studio 2015\projects\3113\homework\cs3113-homework\hw4\nyucodebase\nyucodebase\main.cpp(613): warning C4244: '=': conversion from 'int' to 'float', possible loss of data
c:\users\kyzar\documents\visual studio 2015\projects\3113\homework\cs3113-homework\hw4\nyucodebase\nyucodebase\main.cpp(614): warning C4244: '=': conversion from 'int' to 'float', possible loss of data
c:\users\kyzar\documents\visual studio 2015\projects\3113\homework\cs3113-homework\hw4\nyucodebase\nyucodebase\main.cpp(630): error C3861: 'nearPlayer': identifier not found
c:\users\kyzar\documents\visual studio 2015\projects\3113\homework\cs3113-homework\hw4\nyucodebase\nyucodebase\main.cpp(657): warning C4018: '<': signed/unsigned mismatch
c:\users\kyzar\documents\visual studio 2015\projects\3113\homework\cs3113-homework\hw4\nyucodebase\nyucodebase\main.cpp(660): warning C4018: '<': signed/unsigned mismatch
c:\users\kyzar\documents\visual studio 2015\projects\3113\homework\cs3113-homework\hw4\nyucodebase\nyucodebase\main.cpp(711): warning C4244: '=': conversion from 'float' to 'int', possible loss of data
c:\users\kyzar\documents\visual studio 2015\projects\3113\homework\cs3113-homework\hw4\nyucodebase\nyucodebase\main.cpp(712): warning C4244: '=': conversion from 'float' to 'int', possible loss of data
c:\users\kyzar\documents\visual studio 2015\projects\3113\homework\cs3113-homework\hw4\nyucodebase\nyucodebase\main.cpp(728): warning C4018: '<': signed/unsigned mismatch
